<?xml version="1.0" encoding="UTF-8"?>
<!-- Generated by org.testng.reporters.JUnitReportReporter -->
<testsuite skipped="0" hostname="DESKTOP-6FB5FOI" name="classes.Test3" tests="1" failures="0" timestamp="2023-09-11T01:19:34 IST" time="8.071" errors="0">
  <testcase name="method" time="8.071" classname="classes.Test3"/>
  <system-out/>
</testsuite> <!-- classes.Test3 -->
